[debug] [2022-09-03T20:08:35.973Z] ----------------------------------------------------------------------
[debug] [2022-09-03T20:08:35.974Z] Command:       C:\Program Files\nodejs\node.exe C:\Users\User\AppData\Roaming\npm\node_modules\firebase-tools\lib\bin\firebase.js init
[debug] [2022-09-03T20:08:35.974Z] CLI Version:   11.8.0
[debug] [2022-09-03T20:08:35.974Z] Platform:      win32
[debug] [2022-09-03T20:08:35.974Z] Node Version:  v16.16.0
[debug] [2022-09-03T20:08:35.975Z] Time:          Sat Sep 03 2022 12:08:35 GMT-0800 (GMT-08:00)
[debug] [2022-09-03T20:08:35.975Z] ----------------------------------------------------------------------
[debug] 
[debug] [2022-09-03T20:08:35.980Z] > command requires scopes: ["email","openid","https://www.googleapis.com/auth/cloudplatformprojects.readonly","https://www.googleapis.com/auth/firebase","https://www.googleapis.com/auth/cloud-platform"]
[debug] [2022-09-03T20:08:35.981Z] > authorizing via signed-in user (ashrafchowdhury302@gmail.com)
[info] 
     ######## #### ########  ######## ########     ###     ######  ########
     ##        ##  ##     ## ##       ##     ##  ##   ##  ##       ##
     ######    ##  ########  ######   ########  #########  ######  ######
     ##        ##  ##    ##  ##       ##     ## ##     ##       ## ##
     ##       #### ##     ## ######## ########  ##     ##  ######  ########

You're about to initialize a Firebase project in this directory:

  E:\React\weather-app-react-main

[debug] [2022-09-03T20:08:54.310Z] Error: kill ENOSYS
    at process.kill (node:internal/process/per_thread:220:13)
    at process.listener (C:\Users\User\AppData\Roaming\npm\node_modules\firebase-tools\node_modules\signal-exit\index.js:95:15)
    at process.emit (node:events:527:28)
[error] 
[error] Error: An unexpected error has occurred.
[debug] [2022-09-03T20:09:35.658Z] ----------------------------------------------------------------------
[debug] [2022-09-03T20:09:35.660Z] Command:       C:\Program Files\nodejs\node.exe C:\Users\User\AppData\Roaming\npm\node_modules\firebase-tools\lib\bin\firebase.js init
[debug] [2022-09-03T20:09:35.660Z] CLI Version:   11.8.0
[debug] [2022-09-03T20:09:35.661Z] Platform:      win32
[debug] [2022-09-03T20:09:35.661Z] Node Version:  v16.16.0
[debug] [2022-09-03T20:09:35.661Z] Time:          Sat Sep 03 2022 12:09:35 GMT-0800 (GMT-08:00)
[debug] [2022-09-03T20:09:35.662Z] ----------------------------------------------------------------------
[debug] 
[debug] [2022-09-03T20:09:35.667Z] > command requires scopes: ["email","openid","https://www.googleapis.com/auth/cloudplatformprojects.readonly","https://www.googleapis.com/auth/firebase","https://www.googleapis.com/auth/cloud-platform"]
[debug] [2022-09-03T20:09:35.667Z] > authorizing via signed-in user (ashrafchowdhury302@gmail.com)
[info] 
     ######## #### ########  ######## ########     ###     ######  ########
     ##        ##  ##     ## ##       ##     ##  ##   ##  ##       ##
     ######    ##  ########  ######   ########  #########  ######  ######
     ##        ##  ##    ##  ##       ##     ## ##     ##       ## ##
     ##       #### ##     ## ######## ########  ##     ##  ######  ########

You're about to initialize a Firebase project in this directory:

  E:\React\weather-app-react-main

[info] 
=== Project Setup
[info] 
[info] First, let's associate this project directory with a Firebase project.
[info] You can create multiple project aliases by running firebase use --add, 
[info] but for now we'll just set up a default project.
[info] 
[debug] [2022-09-03T20:09:48.531Z] >>> [apiv2][query] GET https://firebase.googleapis.com/v1beta1/projects pageSize=100
[debug] [2022-09-03T20:09:48.939Z] <<< [apiv2][status] GET https://firebase.googleapis.com/v1beta1/projects 200
[debug] [2022-09-03T20:09:48.939Z] <<< [apiv2][body] GET https://firebase.googleapis.com/v1beta1/projects [omitted]
[info] i  Using project weatherapp-react-d3db0 (WeatherApp React) 
[info] 
=== Hosting Setup
[info] 
[info] Your public directory is the folder (relative to your project directory) that
[info] will contain Hosting assets to be uploaded with firebase deploy. If you
[info] have a build process for your assets, use your build's output directory.
[info] 
[info] +  Wrote public/404.html 
[debug] [2022-09-03T20:11:01.179Z] >>> [apiv2][query] GET https://www.gstatic.com/firebasejs/releases.json [none]
[debug] [2022-09-03T20:11:01.279Z] <<< [apiv2][status] GET https://www.gstatic.com/firebasejs/releases.json 200
[debug] [2022-09-03T20:11:01.279Z] <<< [apiv2][body] GET https://www.gstatic.com/firebasejs/releases.json {"current":{"version":"9.9.4","browserURL":"https://www.gstatic.com/firebasejs/9.9.4/firebase.js","packageURL":"https://www.gstatic.com/firebasejs/9.9.4/firebase.tgz"},"live":{"version":"9.9","browserURL":"https://www.gstatic.com/firebasejs/live/9.9/firebase.js","packageURL":"https://www.gstatic.com/firebasejs/live/9.9/firebase.tgz"},"components":{"analytics":"https://www.gstatic.com/firebasejs/9.9.4/firebase-analytics.js","app":"https://www.gstatic.com/firebasejs/9.9.4/firebase-app.js","app-check":"https://www.gstatic.com/firebasejs/9.9.4/firebase-app-check.js","auth":"https://www.gstatic.com/firebasejs/9.9.4/firebase-auth.js","auth/cordova":"https://www.gstatic.com/firebasejs/9.9.4/firebase-auth/cordova.js","auth/react-native":"https://www.gstatic.com/firebasejs/9.9.4/firebase-auth/react-native.js","functions":"https://www.gstatic.com/firebasejs/9.9.4/firebase-functions.js","firestore":"https://www.gstatic.com/firebasejs/9.9.4/firebase-firestore.js","firestore/lite":"https://www.gstatic.com/firebasejs/9.9.4/firebase-firestore/lite.js","installations":"https://www.gstatic.com/firebasejs/9.9.4/firebase-installations.js","storage":"https://www.gstatic.com/firebasejs/9.9.4/firebase-storage.js","performance":"https://www.gstatic.com/firebasejs/9.9.4/firebase-performance.js","remote-config":"https://www.gstatic.com/firebasejs/9.9.4/firebase-remote-config.js","messaging":"https://www.gstatic.com/firebasejs/9.9.4/firebase-messaging.js","messaging/sw":"https://www.gstatic.com/firebasejs/9.9.4/firebase-messaging/sw.js","database":"https://www.gstatic.com/firebasejs/9.9.4/firebase-database.js","firestore.memory":"https://www.gstatic.com/firebasejs/9.9.4/firebase-firestore.memory.js"}}
[info] i  Skipping write of public/index.html 
[info] 
[info] i  Didn't detect a .git folder. Assuming E:\React\weather-app-react-main is the project root. 
[info] i  Authorizing with GitHub to upload your service account to a GitHub repository's secrets store. 
[info] 
[info] Visit this URL on this device to log in:
[info] https://github.com/login/oauth/authorize?client_id=89cf50f02ac6aaed3484&state=581290130&redirect_uri=http%3A%2F%2Flocalhost%3A9005&scope=read%3Auser%20repo%20public_repo
[info] 
[info] Waiting for authentication...
[debug] [2022-09-03T20:11:44.082Z] >>> [apiv2][query] POST https://github.com/login/oauth/access_token [none]
[debug] [2022-09-03T20:11:44.082Z] >>> [apiv2][body] POST https://github.com/login/oauth/access_token [stream]
[debug] [2022-09-03T20:11:44.265Z] <<< [apiv2][status] POST https://github.com/login/oauth/access_token 200
[debug] [2022-09-03T20:11:44.265Z] <<< [apiv2][body] POST https://github.com/login/oauth/access_token {"access_token":"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","token_type":"bearer","scope":"read:user,repo"}
[debug] [2022-09-03T20:11:44.271Z] >>> [apiv2][query] GET https://api.github.com/user [none]
[debug] [2022-09-03T20:11:44.497Z] <<< [apiv2][status] GET https://api.github.com/user 200
[debug] [2022-09-03T20:11:44.497Z] <<< [apiv2][body] GET https://api.github.com/user {"login":"akc302","id":109930451,"node_id":"U_kgDOBo1n0w","avatar_url":"https://avatars.githubusercontent.com/u/109930451?v=4","gravatar_id":"","url":"https://api.github.com/users/akc302","html_url":"https://github.com/akc302","followers_url":"https://api.github.com/users/akc302/followers","following_url":"https://api.github.com/users/akc302/following{/other_user}","gists_url":"https://api.github.com/users/akc302/gists{/gist_id}","starred_url":"https://api.github.com/users/akc302/starred{/owner}{/repo}","subscriptions_url":"https://api.github.com/users/akc302/subscriptions","organizations_url":"https://api.github.com/users/akc302/orgs","repos_url":"https://api.github.com/users/akc302/repos","events_url":"https://api.github.com/users/akc302/events{/privacy}","received_events_url":"https://api.github.com/users/akc302/received_events","type":"User","site_admin":false,"name":"Ashraf Khan Chowdhury","company":null,"blog":"www.linkedin.com/in/akc302/","location":"Sutton, MA, USA","email":null,"hireable":null,"bio":"New Account. \r\nCan't access my previous github account because the my last university mail is disabled by the authorization of Google.","twitter_username":"akc302","public_repos":9,"public_gists":0,"followers":2,"following":2,"created_at":"2022-07-25T01:10:11Z","updated_at":"2022-08-12T00:34:25Z","private_gists":0,"total_private_repos":0,"owned_private_repos":0,"disk_usage":3922,"collaborators":0,"two_factor_authentication":false,"plan":{"name":"free","space":976562499,"collaborators":0,"private_repos":10000}}
[info] 
[info] +  Success! Logged into GitHub as akc302 
[info] 
